<?xml version="1.0" encoding="UTF-8"?>
<testng-results total="1" passed="0" failed="1" skipped="0">
  <reporter-output>
  </reporter-output>
  <suite started-at="2018-03-30T14:36:55Z" name="Default suite" finished-at="2018-03-30T14:40:11Z" duration-ms="195116">
    <groups>
    </groups>
    <test started-at="2018-03-30T14:36:55Z" name="Default test" finished-at="2018-03-30T14:40:11Z" duration-ms="195116">
      <class name="innovationsPortal.TestInnovation">
        <test-method is-config="true" signature="setExcel()[pri:0, instance:innovationsPortal.TestInnovation@3c947bc5]" started-at="2018-03-30T20:06:55Z" name="setExcel" finished-at="2018-03-30T20:09:38Z" duration-ms="162070" status="PASS">
          <reporter-output>
          </reporter-output>
        </test-method> <!-- setExcel -->
        <test-method signature="patent()[pri:0, instance:innovationsPortal.TestInnovation@3c947bc5]" started-at="2018-03-30T20:09:38Z" name="patent" finished-at="2018-03-30T20:10:11Z" duration-ms="32961" status="FAIL">
          <exception class="java.lang.NullPointerException">
            <full-stacktrace>
              <![CDATA[java.lang.NullPointerException
	at innovationsPortal.TestInnovation.patent(TestInnovation.java:227)
	at java.base/jdk.internal.reflect.NativeMethodAccessorImpl.invoke0(Native Method)
	at java.base/jdk.internal.reflect.NativeMethodAccessorImpl.invoke(Unknown Source)
	at java.base/jdk.internal.reflect.DelegatingMethodAccessorImpl.invoke(Unknown Source)
	at java.base/java.lang.reflect.Method.invoke(Unknown Source)
	at org.testng.internal.MethodInvocationHelper.invokeMethod(MethodInvocationHelper.java:86)
	at org.testng.internal.Invoker.invokeMethod(Invoker.java:643)
	at org.testng.internal.Invoker.invokeTestMethod(Invoker.java:820)
	at org.testng.internal.Invoker.invokeTestMethods(Invoker.java:1128)
	at org.testng.internal.TestMethodWorker.invokeTestMethods(TestMethodWorker.java:129)
	at org.testng.internal.TestMethodWorker.run(TestMethodWorker.java:112)
	at org.testng.TestRunner.privateRun(TestRunner.java:782)
	at org.testng.TestRunner.run(TestRunner.java:632)
	at org.testng.SuiteRunner.runTest(SuiteRunner.java:366)
	at org.testng.SuiteRunner.runSequentially(SuiteRunner.java:361)
	at org.testng.SuiteRunner.privateRun(SuiteRunner.java:319)
	at org.testng.SuiteRunner.run(SuiteRunner.java:268)
	at org.testng.SuiteRunnerWorker.runSuite(SuiteRunnerWorker.java:52)
	at org.testng.SuiteRunnerWorker.run(SuiteRunnerWorker.java:86)
	at org.testng.TestNG.runSuitesSequentially(TestNG.java:1244)
	at org.testng.TestNG.runSuitesLocally(TestNG.java:1169)
	at org.testng.TestNG.run(TestNG.java:1064)
	at org.testng.remote.AbstractRemoteTestNG.run(AbstractRemoteTestNG.java:114)
	at org.testng.remote.RemoteTestNG.initAndRun(RemoteTestNG.java:251)
	at org.testng.remote.RemoteTestNG.main(RemoteTestNG.java:77)
]]>
            </full-stacktrace>
          </exception> <!-- java.lang.NullPointerException -->
          <reporter-output>
          </reporter-output>
        </test-method> <!-- patent -->
      </class> <!-- innovationsPortal.TestInnovation -->
    </test> <!-- Default test -->
  </suite> <!-- Default suite -->
</testng-results>
